生成启动时间为 2013/9/9 21:37:24。
     1>项目“C:\Users\Administator\Desktop\资料srp\锥面积进化算法SRP\RobotRoute\Robot.vcxproj”在节点 2 上(build 个目标)。
     1>InitializeBuildStatus:
         正在对“.\Debug\Robot.unsuccessfulbuild”执行 Touch 任务。
       ClCompile:
         所有输出均为最新。
         C:\Program Files\Microsoft Visual Studio 10.0\VC\bin\CL.exe /c /ZI /nologo /W3 /WX- /Od /Oy- /D WIN32 /D _DEBUG /D _WINDOWS /D _VC80_UPGRADE=0x0600 /D _MBCS /D _AFXDLL /Gm /EHsc /RTC1 /MDd /GS /fp:precise /Zc:wchar_t /Zc:forScope /Yu"stdafx.h" /Fp".\Debug/Robot.pch" /Fo".\Debug/" /Fd".\Debug/vc100.pdb" /Gd /TP /analyze- /errorReport:prompt MOEAD.cpp
         MOEAD.cpp
     1>c:\users\administator\desktop\资料srp\锥面积进化算法srp\robotroute\moead.cpp(52): warning C4018: “<”: 有符号/无符号不匹配
     1>c:\users\administator\desktop\资料srp\锥面积进化算法srp\robotroute\moead.cpp(68): warning C4018: “<”: 有符号/无符号不匹配
     1>c:\users\administator\desktop\资料srp\锥面积进化算法srp\robotroute\moead.cpp(216): warning C4018: “<”: 有符号/无符号不匹配
     1>c:\users\administator\desktop\资料srp\锥面积进化算法srp\robotroute\moead.cpp(282): warning C4018: “<”: 有符号/无符号不匹配
     1>c:\users\administator\desktop\资料srp\锥面积进化算法srp\robotroute\moead.cpp(290): warning C4018: “<”: 有符号/无符号不匹配
     1>c:\users\administator\desktop\资料srp\锥面积进化算法srp\robotroute\recomb.h(311): warning C4018: “<”: 有符号/无符号不匹配
                 c:\users\administator\desktop\资料srp\锥面积进化算法srp\robotroute\recomb.h(83): 参见对正在编译的函数 模板 实例化“int is_series<T>(T &,const int &)”的引用
                 with
                 [
                     T=CIndividual
                 ]
                 c:\users\administator\desktop\资料srp\锥面积进化算法srp\robotroute\moead.cpp(233): 参见对正在编译的函数 模板 实例化“void gen_mutation<CIndividual>(T &)”的引用
                 with
                 [
                     T=CIndividual
                 ]
       ResourceCompile:
         所有输出均为最新。
       ManifestResourceCompile:
         所有输出均为最新。
       Link:
         C:\Program Files\Microsoft Visual Studio 10.0\VC\bin\link.exe /ERRORREPORT:PROMPT /OUT:".\Debug/Robot.exe" /INCREMENTAL /NOLOGO /MANIFEST /ManifestFile:".\Debug\Robot.exe.intermediate.manifest" /MANIFESTUAC:"level='asInvoker' uiAccess='false'" /DEBUG /PDB:".\Debug/Robot.pdb" /SUBSYSTEM:WINDOWS /TLBID:1 /DYNAMICBASE /NXCOMPAT /IMPLIB:".\Debug\Robot.lib" /MACHINE:X86 .\Debug\Robot.res
         .\Debug\Robot.exe.embed.manifest.res
         .\Debug/Chart.obj
         .\Debug/Common.obj
         .\Debug/Global.obj
         .\Debug/MainFrm.obj
         .\Debug/MOEADInd.obj
         .\Debug/MOEAD.obj
         .\Debug/MyGA.obj
         .\Debug/Robot.obj
         .\Debug/RobotDoc.obj
         .\Debug/RobotView.obj
         .\Debug/SetPara.obj
         .\Debug/SNGA.obj
         .\Debug/SNGAInd.obj
         .\Debug/StdAfx.obj
       Manifest:
         C:\Program Files\Microsoft SDKs\Windows\v7.0A\bin\mt.exe /nologo /verbose /out:".\Debug\Robot.exe.embed.manifest" /manifest .\Debug\Robot.exe.intermediate.manifest "C:\Program Files\Microsoft Visual Studio 10.0\VC\Include\Manifest\dpiaware.manifest"
         所有输出均为最新。
       LinkEmbedManifest:
         所有输出均为最新。
         Robot.vcxproj -> C:\Users\Administator\Desktop\资料srp\锥面积进化算法SRP\RobotRoute\.\Debug\Robot.exe
       FinalizeBuildStatus:
         正在删除文件“.\Debug\Robot.unsuccessfulbuild”。
         正在对“.\Debug\Robot.lastbuildstate”执行 Touch 任务。
     1>已完成生成项目“C:\Users\Administator\Desktop\资料srp\锥面积进化算法SRP\RobotRoute\Robot.vcxproj”(build 个目标)的操作。

生成成功。

已用时间 00:00:00.73
