.\Debug\Robot.ilk
.\Debug\Robot.pdb
C:\Users\Administator\Desktop\资料srp\锥面积进化算法SRP\RobotRoute\.\Debug\Robot.exe
C:\Users\Administator\Desktop\资料srp\锥面积进化算法SRP\RobotRoute\.\Debug\Robot.exe.intermediate.manifest
C:\USERS\ADMINISTATOR\DESKTOP\资料SRP\锥面积进化算法SRP\ROBOTROUTE\DEBUG\CHART.OBJ
C:\Users\Administator\Desktop\资料srp\锥面积进化算法SRP\RobotRoute\Debug\cl.command.1.tlog
C:\Users\Administator\Desktop\资料srp\锥面积进化算法SRP\RobotRoute\Debug\CL.read.1.tlog
C:\Users\Administator\Desktop\资料srp\锥面积进化算法SRP\RobotRoute\Debug\CL.write.1.tlog
C:\USERS\ADMINISTATOR\DESKTOP\资料SRP\锥面积进化算法SRP\ROBOTROUTE\DEBUG\COMMON.OBJ
C:\USERS\ADMINISTATOR\DESKTOP\资料SRP\锥面积进化算法SRP\ROBOTROUTE\DEBUG\GLOBAL.OBJ
C:\Users\Administator\Desktop\资料srp\锥面积进化算法SRP\RobotRoute\Debug\link.5884.read.1.tlog
C:\Users\Administator\Desktop\资料srp\锥面积进化算法SRP\RobotRoute\Debug\link.5884.write.1.tlog
C:\Users\Administator\Desktop\资料srp\锥面积进化算法SRP\RobotRoute\Debug\link.5884-cvtres.read.1.tlog
C:\Users\Administator\Desktop\资料srp\锥面积进化算法SRP\RobotRoute\Debug\link.5884-cvtres.write.1.tlog
C:\Users\Administator\Desktop\资料srp\锥面积进化算法SRP\RobotRoute\Debug\link.5964.read.1.tlog
C:\Users\Administator\Desktop\资料srp\锥面积进化算法SRP\RobotRoute\Debug\link.5964.write.1.tlog
C:\Users\Administator\Desktop\资料srp\锥面积进化算法SRP\RobotRoute\Debug\link.5964-cvtres.read.1.tlog
C:\Users\Administator\Desktop\资料srp\锥面积进化算法SRP\RobotRoute\Debug\link.5964-cvtres.write.1.tlog
C:\Users\Administator\Desktop\资料srp\锥面积进化算法SRP\RobotRoute\Debug\link.command.1.tlog
C:\Users\Administator\Desktop\资料srp\锥面积进化算法SRP\RobotRoute\Debug\link.read.1.tlog
C:\Users\Administator\Desktop\资料srp\锥面积进化算法SRP\RobotRoute\Debug\link.write.1.tlog
C:\Users\Administator\Desktop\资料srp\锥面积进化算法SRP\RobotRoute\Debug\link-cvtres.read.1.tlog
C:\Users\Administator\Desktop\资料srp\锥面积进化算法SRP\RobotRoute\Debug\link-cvtres.write.1.tlog
C:\USERS\ADMINISTATOR\DESKTOP\资料SRP\锥面积进化算法SRP\ROBOTROUTE\DEBUG\MAINFRM.OBJ
C:\USERS\ADMINISTATOR\DESKTOP\资料SRP\锥面积进化算法SRP\ROBOTROUTE\DEBUG\MOEAD.OBJ
C:\USERS\ADMINISTATOR\DESKTOP\资料SRP\锥面积进化算法SRP\ROBOTROUTE\DEBUG\MOEADIND.OBJ
C:\Users\Administator\Desktop\资料srp\锥面积进化算法SRP\RobotRoute\Debug\mt.command.1.tlog
C:\Users\Administator\Desktop\资料srp\锥面积进化算法SRP\RobotRoute\Debug\mt.read.1.tlog
C:\Users\Administator\Desktop\资料srp\锥面积进化算法SRP\RobotRoute\Debug\mt.write.1.tlog
C:\USERS\ADMINISTATOR\DESKTOP\资料SRP\锥面积进化算法SRP\ROBOTROUTE\DEBUG\MYGA.OBJ
C:\Users\Administator\Desktop\资料srp\锥面积进化算法SRP\RobotRoute\Debug\rc.command.1.tlog
C:\Users\Administator\Desktop\资料srp\锥面积进化算法SRP\RobotRoute\Debug\rc.read.1.tlog
C:\Users\Administator\Desktop\资料srp\锥面积进化算法SRP\RobotRoute\Debug\rc.write.1.tlog
C:\USERS\ADMINISTATOR\DESKTOP\资料SRP\锥面积进化算法SRP\ROBOTROUTE\DEBUG\ROBOT.EXE
C:\USERS\ADMINISTATOR\DESKTOP\资料SRP\锥面积进化算法SRP\ROBOTROUTE\DEBUG\ROBOT.EXE.EMBED.MANIFEST
C:\USERS\ADMINISTATOR\DESKTOP\资料SRP\锥面积进化算法SRP\ROBOTROUTE\DEBUG\ROBOT.EXE.EMBED.MANIFEST.RES
C:\USERS\ADMINISTATOR\DESKTOP\资料SRP\锥面积进化算法SRP\ROBOTROUTE\DEBUG\ROBOT.EXE.INTERMEDIATE.MANIFEST
C:\USERS\ADMINISTATOR\DESKTOP\资料SRP\锥面积进化算法SRP\ROBOTROUTE\DEBUG\ROBOT.ILK
C:\USERS\ADMINISTATOR\DESKTOP\资料SRP\锥面积进化算法SRP\ROBOTROUTE\DEBUG\ROBOT.OBJ
C:\USERS\ADMINISTATOR\DESKTOP\资料SRP\锥面积进化算法SRP\ROBOTROUTE\DEBUG\ROBOT.PCH
C:\USERS\ADMINISTATOR\DESKTOP\资料SRP\锥面积进化算法SRP\ROBOTROUTE\DEBUG\ROBOT.PDB
C:\USERS\ADMINISTATOR\DESKTOP\资料SRP\锥面积进化算法SRP\ROBOTROUTE\DEBUG\ROBOT.RES
C:\Users\Administator\Desktop\资料srp\锥面积进化算法SRP\RobotRoute\Debug\Robot_manifest.rc
C:\USERS\ADMINISTATOR\DESKTOP\资料SRP\锥面积进化算法SRP\ROBOTROUTE\DEBUG\ROBOTDOC.OBJ
C:\USERS\ADMINISTATOR\DESKTOP\资料SRP\锥面积进化算法SRP\ROBOTROUTE\DEBUG\ROBOTVIEW.OBJ
C:\USERS\ADMINISTATOR\DESKTOP\资料SRP\锥面积进化算法SRP\ROBOTROUTE\DEBUG\SETPARA.OBJ
C:\USERS\ADMINISTATOR\DESKTOP\资料SRP\锥面积进化算法SRP\ROBOTROUTE\DEBUG\SNGA.OBJ
C:\USERS\ADMINISTATOR\DESKTOP\资料SRP\锥面积进化算法SRP\ROBOTROUTE\DEBUG\SNGAIND.OBJ
C:\USERS\ADMINISTATOR\DESKTOP\资料SRP\锥面积进化算法SRP\ROBOTROUTE\DEBUG\STDAFX.OBJ
C:\Users\Administator\Desktop\资料srp\锥面积进化算法SRP\RobotRoute\Debug\vc100.idb
C:\USERS\ADMINISTATOR\DESKTOP\资料SRP\锥面积进化算法SRP\ROBOTROUTE\DEBUG\VC100.PDB
