# of objectives = 3
# cur_generation = 1
4.998574e+004	5.000000e+004	5.002687e+004	1	0.000000e+000
2.072999e+007	2.073006e+007	2.073031e+007	36	1.000000e+014
1.499900e+005	1.500134e+005	1.500855e+005	4	1.000000e+014
1.059000e+007	-1.#IND00e+000	1.059029e+007	35	1.000000e+014
8.100000e+005	8.100509e+005	8.102814e+005	28	1.000000e+014
1.024999e+007	1.025002e+007	1.025016e+007	34	1.000000e+014
6.599876e+005	6.600246e+005	6.601823e+005	24	1.000000e+014
4.199981e+005	4.200388e+005	4.201918e+005	17	1.000000e+014
2.399926e+005	2.400216e+005	2.401051e+005	7	1.000000e+014
3.799923e+005	3.800270e+005	3.801435e+005	12	1.000000e+014
5.699962e+005	5.700409e+005	5.702130e+005	22	1.000000e+014
1.039993e+006	1.040064e+006	1.040348e+006	32	1.000000e+014
3.199925e+005	3.200209e+005	3.201240e+005	9	1.000000e+014
6.599978e+005	6.600525e+005	6.602653e+005	25	1.000000e+014
4.099904e+005	4.100194e+005	4.101293e+005	14	1.000000e+014
4.499901e+005	4.500298e+005	4.501394e+005	19	1.000000e+014
9.999055e+004	1.000029e+005	1.000317e+005	3	1.000000e+014
7.799928e+005	7.800530e+005	7.802889e+005	26	1.000000e+014
6.200000e+005	6.200516e+005	6.202572e+005	23	1.000000e+014
8.299900e+005	8.300486e+005	8.302718e+005	29	1.000000e+014
3.699892e+005	3.700269e+005	3.701475e+005	11	1.000000e+014
4.998574e+004	5.000000e+004	5.002687e+004	1	0.000000e+000
1.599927e+005	1.600122e+005	1.600615e+005	5	1.000000e+014
8.400000e+005	8.400671e+005	8.403550e+005	30	1.000000e+014
2.499927e+005	2.500176e+005	2.500911e+005	8	1.000000e+014
4.599905e+005	4.600198e+005	4.601236e+005	20	1.000000e+014
4.998574e+004	5.000000e+004	5.002687e+004	1	1.000000e+014
3.999922e+005	4.000323e+005	4.001622e+005	13	1.000000e+014
4.299920e+005	4.300355e+005	4.301712e+005	18	1.000000e+014
4.099998e+005	4.100266e+005	4.101338e+005	15	1.000000e+014
3.299918e+005	3.300255e+005	3.301057e+005	10	1.000000e+014
4.199871e+005	-1.#IND00e+000	4.201535e+005	16	1.000000e+014
1.899900e+005	1.900131e+005	1.900887e+005	6	1.000000e+014
4.999983e+005	5.000328e+005	5.001982e+005	21	1.000000e+014
7.899905e+005	7.900676e+005	7.903498e+005	27	1.000000e+014
1.899878e+005	1.900216e+005	1.901209e+005	6	1.000000e+014
4.998574e+004	5.000000e+004	5.002687e+004	1	0.000000e+000
4.998731e+004	5.000152e+004	5.003607e+004	2	1.000000e+014
9.100000e+005	9.100507e+005	9.102852e+005	31	1.000000e+014
1.140000e+006	1.140058e+006	1.140364e+006	33	1.000000e+014
# cur_generation = 2
2.998941e+004	3.000147e+004	3.003517e+004	1	1.000000e+014
4.998574e+004	5.000000e+004	5.002687e+004	2	0.000000e+000
4.998574e+004	5.000000e+004	5.002687e+004	2	1.000000e+014
4.998574e+004	5.000000e+004	5.002687e+004	2	0.000000e+000
4.998574e+004	5.000000e+004	5.002687e+004	2	0.000000e+000
4.998731e+004	5.000152e+004	5.003607e+004	3	1.000000e+014
4.998970e+004	5.000179e+004	5.003611e+004	4	1.000000e+014
4.998970e+004	5.000201e+004	5.003614e+004	5	1.000000e+014
5.998958e+004	6.000425e+004	6.003063e+004	6	1.000000e+014
6.999286e+004	7.000101e+004	7.002902e+004	7	1.000000e+014
8.999311e+004	9.000011e+004	9.002691e+004	8	0.000000e+000
8.999311e+004	9.000011e+004	9.002691e+004	8	0.000000e+000
8.999311e+004	9.000011e+004	9.002691e+004	8	1.000000e+014
8.999311e+004	9.000011e+004	9.002691e+004	8	0.000000e+000
8.998590e+004	9.000810e+004	9.004093e+004	8	0.000000e+000
8.998590e+004	9.000810e+004	9.004093e+004	8	1.000000e+014
8.999854e+004	9.001214e+004	9.006351e+004	9	1.000000e+014
9.999055e+004	1.000029e+005	1.000317e+005	10	1.000000e+014
9.999229e+004	1.000050e+005	1.000410e+005	11	1.000000e+014
1.199914e+005	1.200064e+005	1.200641e+005	12	0.000000e+000
1.199914e+005	1.200064e+005	1.200641e+005	12	1.000000e+014
1.399919e+005	1.400074e+005	1.400686e+005	13	1.000000e+014
1.499917e+005	1.500062e+005	1.500539e+005	14	1.000000e+014
1.499900e+005	1.500134e+005	1.500855e+005	14	1.000000e+014
1.599891e+005	1.600196e+005	1.600870e+005	15	3.333333e-001
1.599891e+005	1.600196e+005	1.600870e+005	15	1.000000e+014
1.599927e+005	1.600122e+005	1.600615e+005	15	1.000000e+014
1.699907e+005	1.700208e+005	1.700926e+005	16	1.000000e+014
1.699931e+005	-1.#IND00e+000	1.700692e+005	16	1.000000e+014
1.799912e+005	1.800165e+005	1.800711e+005	17	1.000000e+014
1.899999e+005	1.900093e+005	1.900617e+005	18	6.666667e-001
1.899878e+005	1.900216e+005	1.901209e+005	18	1.000000e+014
1.899900e+005	1.900131e+005	1.900887e+005	18	1.000000e+014
2.199927e+005	2.200105e+005	2.200730e+005	19	0.000000e+000
2.199919e+005	2.200147e+005	2.200819e+005	19	1.000000e+014
2.199919e+005	2.200147e+005	2.200819e+005	19	1.000000e+014
2.199996e+005	2.200236e+005	2.201032e+005	20	1.000000e+014
2.399931e+005	2.400064e+005	2.400681e+005	21	1.000000e+014
2.399926e+005	2.400216e+005	2.401051e+005	21	1.000000e+014
2.399996e+005	2.400247e+005	2.401293e+005	22	1.000000e+014
# cur_generation = 3
2.998941e+004	3.000147e+004	3.003517e+004	1	1.000000e+014
3.998783e+004	4.000197e+004	4.003528e+004	2	1.000000e+014
3.998783e+004	4.000197e+004	4.003532e+004	3	1.000000e+014
4.998574e+004	5.000000e+004	5.002687e+004	4	0.000000e+000
4.998574e+004	5.000000e+004	5.002687e+004	4	1.000000e+014
4.998574e+004	5.000000e+004	5.002687e+004	4	0.000000e+000
4.998574e+004	5.000000e+004	5.002687e+004	4	0.000000e+000
4.998932e+004	5.000212e+004	5.002938e+004	5	1.000000e+000
4.999229e+004	5.000218e+004	5.002854e+004	5	1.000000e+014
4.998731e+004	5.000152e+004	5.003607e+004	5	1.000000e+014
4.998871e+004	5.000241e+004	5.003626e+004	6	1.000000e+014
4.998970e+004	5.000179e+004	5.003611e+004	6	1.000000e+014
4.998970e+004	5.000201e+004	5.003614e+004	7	0.000000e+000
4.998970e+004	5.000201e+004	5.003614e+004	7	1.000000e+014
4.998970e+004	5.000201e+004	5.003614e+004	7	0.000000e+000
5.999107e+004	6.000033e+004	6.002695e+004	8	6.666667e-001
5.999107e+004	6.000033e+004	6.002695e+004	8	1.000000e+014
5.999107e+004	6.000033e+004	6.002695e+004	8	1.000000e+014
5.999107e+004	6.000033e+004	6.002695e+004	8	0.000000e+000
5.998958e+004	6.000425e+004	6.003063e+004	8	0.000000e+000
5.999229e+004	6.000107e+004	6.002996e+004	9	1.000000e+014
6.999107e+004	7.000054e+004	7.002702e+004	10	1.000000e+014
6.999107e+004	7.000101e+004	7.002720e+004	11	1.000000e+014
6.999286e+004	7.000101e+004	7.002902e+004	11	1.000000e+014
6.999107e+004	7.000160e+004	7.002929e+004	12	0.000000e+000
6.999107e+004	7.000160e+004	7.002929e+004	12	1.000000e+014
7.999142e+004	8.000439e+004	8.003567e+004	13	1.000000e+014
7.999142e+004	8.001220e+004	8.006059e+004	14	1.000000e+014
8.998657e+004	9.000017e+004	9.002691e+004	15	6.666667e-001
8.998590e+004	9.000258e+004	9.003087e+004	15	0.000000e+000
8.999311e+004	9.000011e+004	9.002691e+004	15	1.000000e+014
8.999311e+004	9.000011e+004	9.002691e+004	15	0.000000e+000
8.999311e+004	9.000011e+004	9.002691e+004	15	1.000000e+014
8.999311e+004	9.000011e+004	9.002691e+004	15	0.000000e+000
8.999311e+004	9.000011e+004	9.002691e+004	15	0.000000e+000
8.999311e+004	9.000011e+004	9.002691e+004	15	0.000000e+000
8.999311e+004	9.000011e+004	9.002691e+004	15	0.000000e+000
8.999311e+004	9.000011e+004	9.002691e+004	15	8.911190e-003
8.998590e+004	9.000810e+004	9.004093e+004	16	0.000000e+000
8.998590e+004	9.000810e+004	9.004093e+004	16	1.000000e+014
# cur_generation = 4
2.998941e+004	3.000147e+004	3.003517e+004	1	1.000000e+014
3.998903e+004	4.000446e+004	4.003123e+004	2	0.000000e+000
3.998699e+004	4.000250e+004	4.003575e+004	2	1.000000e+014
3.998699e+004	4.000250e+004	4.003575e+004	2	1.000000e+014
3.998783e+004	4.000197e+004	4.003528e+004	2	3.333333e-001
3.998783e+004	4.000197e+004	4.003532e+004	3	0.000000e+000
3.998783e+004	4.000197e+004	4.003532e+004	3	1.000000e+014
3.998783e+004	4.000197e+004	4.003532e+004	3	0.000000e+000
3.999107e+004	4.000628e+004	4.003640e+004	4	1.000000e+014
4.998574e+004	5.000000e+004	5.002687e+004	5	0.000000e+000
4.998574e+004	5.000000e+004	5.002687e+004	5	1.000000e+014
4.998574e+004	5.000000e+004	5.002687e+004	5	0.000000e+000
4.998574e+004	5.000000e+004	5.002687e+004	5	0.000000e+000
4.998590e+004	5.000339e+004	5.003078e+004	6	6.666667e-001
4.998903e+004	5.000000e+004	5.002687e+004	6	1.000000e+014
4.998731e+004	5.000152e+004	5.003607e+004	6	1.000000e+014
4.998871e+004	5.000201e+004	5.003622e+004	7	3.333333e-001
4.998871e+004	5.000201e+004	5.003622e+004	7	1.000000e+014
4.998903e+004	5.000119e+004	5.002725e+004	7	1.000000e+014
4.998903e+004	5.000136e+004	5.002728e+004	8	0.000000e+000
4.998903e+004	5.000136e+004	5.002728e+004	8	3.333333e-001
4.998871e+004	5.000241e+004	5.003626e+004	8	1.000000e+014
4.998871e+004	5.000241e+004	5.003626e+004	8	1.000000e+014
4.998903e+004	5.000236e+004	5.002951e+004	9	-3.165975e-003
4.999030e+004	5.000147e+004	5.003001e+004	9	1.000000e+014
4.998970e+004	5.000179e+004	5.003611e+004	9	1.000000e+014
4.999229e+004	5.000218e+004	5.002854e+004	9	6.190514e-002
4.998932e+004	5.000212e+004	5.002938e+004	9	6.694942e-001
4.999030e+004	5.000675e+004	5.002993e+004	10	0.000000e+000
4.998970e+004	5.000201e+004	5.003614e+004	10	1.000000e+014
4.998970e+004	5.000201e+004	5.003614e+004	10	0.000000e+000
4.998970e+004	5.000201e+004	5.003614e+004	10	1.000000e+014
4.998970e+004	5.000201e+004	5.003614e+004	10	6.666667e-001
4.998970e+004	5.000232e+004	5.003622e+004	11	1.000000e+014
5.999107e+004	6.000033e+004	6.002695e+004	12	1.000000e+014
5.998958e+004	6.000425e+004	6.003063e+004	12	0.000000e+000
5.999107e+004	6.000033e+004	6.002695e+004	12	6.666667e-001
5.999107e+004	6.000033e+004	6.002695e+004	12	0.000000e+000
5.999107e+004	6.000033e+004	6.002695e+004	12	0.000000e+000
5.999107e+004	6.000033e+004	6.002695e+004	12	0.000000e+000
# cur_generation = 5
2.998871e+004	3.000270e+004	3.003207e+004	1	1.660062e+000
2.998871e+004	3.000270e+004	3.003207e+004	1	-9.951197e-001
2.998783e+004	3.000297e+004	3.003746e+004	1	1.000000e+014
2.998647e+004	3.000471e+004	3.003647e+004	1	1.000000e+014
2.998941e+004	3.000147e+004	3.003517e+004	1	-1.095831e+000
3.998647e+004	4.000471e+004	4.003622e+004	2	0.000000e+000
3.998783e+004	4.000197e+004	4.003528e+004	2	1.000000e+014
3.998699e+004	4.000250e+004	4.003575e+004	2	1.882775e+000
3.998699e+004	4.000250e+004	4.003575e+004	2	1.000000e+014
3.998903e+004	4.000446e+004	4.003123e+004	2	4.351966e-001
3.998647e+004	4.000550e+004	4.003851e+004	3	0.000000e+000
3.998783e+004	4.000197e+004	4.003532e+004	3	1.000000e+014
3.998783e+004	4.000197e+004	4.003532e+004	3	0.000000e+000
3.998783e+004	4.000197e+004	4.003532e+004	3	1.000000e+014
3.998783e+004	4.000197e+004	4.003532e+004	3	6.666667e-001
3.998837e+004	4.000579e+004	4.003886e+004	4	1.000000e+014
3.999107e+004	4.000628e+004	4.003640e+004	4	1.000000e+014
4.998574e+004	5.000000e+004	5.002687e+004	5	0.000000e+000
4.998574e+004	5.000000e+004	5.002687e+004	5	1.000000e+014
4.998574e+004	5.000000e+004	5.002687e+004	5	0.000000e+000
4.998574e+004	5.000000e+004	5.002687e+004	5	0.000000e+000
4.998871e+004	5.000126e+004	5.002969e+004	6	4.938932e-001
4.998731e+004	5.000152e+004	5.003607e+004	6	1.000000e+014
4.998903e+004	5.000000e+004	5.002687e+004	6	3.099654e-001
4.998590e+004	5.000339e+004	5.003078e+004	6	1.000000e+014
4.998776e+004	5.000346e+004	5.003359e+004	7	0.000000e+000
4.998903e+004	5.000000e+004	5.002687e+004	7	1.000000e+014
4.998699e+004	5.000643e+004	5.003902e+004	7	1.000000e+014
4.998699e+004	5.000643e+004	5.003902e+004	7	1.000000e+014
4.998699e+004	5.000643e+004	5.003902e+004	7	2.141930e+000
4.998699e+004	5.000643e+004	5.003902e+004	7	0.000000e+000
4.998871e+004	5.000201e+004	5.003622e+004	7	-1.808597e+000
4.998871e+004	5.000201e+004	5.003622e+004	7	0.000000e+000
4.998903e+004	5.000119e+004	5.002725e+004	8	-1.#IND00e+000
4.998871e+004	5.000226e+004	5.003622e+004	8	1.000000e+014
4.998776e+004	-1.#IND00e+000	5.005417e+004	8	1.000000e+014
4.998903e+004	5.000119e+004	5.002725e+004	8	-1.#IND00e+000
4.998871e+004	5.000241e+004	5.003626e+004	9	1.000000e+014
4.998903e+004	5.000136e+004	5.002728e+004	9	0.000000e+000
4.998903e+004	5.000136e+004	5.002728e+004	9	0.000000e+000
# cur_generation = 6
1.999987e+004	2.000610e+004	2.003730e+004	1	1.000000e+014
2.998776e+004	3.000393e+004	3.003680e+004	2	-1.372809e-001
2.998590e+004	3.000471e+004	3.003651e+004	2	1.000000e+014
2.998941e+004	3.000147e+004	3.003517e+004	2	1.000000e+014
2.998647e+004	3.000471e+004	3.003647e+004	2	1.925095e-001
2.998783e+004	3.000297e+004	3.003746e+004	2	1.343486e+000
2.998871e+004	3.000270e+004	3.003207e+004	2	1.000000e+014
2.998871e+004	3.000270e+004	3.003207e+004	2	3.053974e-001
2.998776e+004	3.000439e+004	3.003680e+004	3	1.000000e+014
2.999992e+004	3.000853e+004	3.003697e+004	4	1.000000e+014
3.998590e+004	4.000639e+004	4.003005e+004	5	6.666667e-001
3.998647e+004	4.000213e+004	4.002950e+004	5	1.000000e+014
3.998783e+004	4.000197e+004	4.003528e+004	5	1.000000e+014
3.998783e+004	4.000197e+004	4.003532e+004	6	3.333333e-001
3.998783e+004	4.000197e+004	4.003532e+004	6	0.000000e+000
3.998783e+004	4.000197e+004	4.003532e+004	6	3.198380e+000
3.998783e+004	4.000197e+004	4.003532e+004	6	1.000000e+014
3.998699e+004	4.000250e+004	4.003575e+004	6	7.735048e-001
3.998699e+004	4.000250e+004	4.003575e+004	6	3.116812e-001
3.998903e+004	4.000446e+004	4.003123e+004	6	3.149000e-002
3.998699e+004	4.000250e+004	4.003575e+004	6	1.000000e+014
3.998699e+004	4.000250e+004	4.003575e+004	6	1.000000e+014
3.998647e+004	4.000471e+004	4.003622e+004	6	-2.315198e-001
3.998647e+004	4.000628e+004	4.003706e+004	7	6.666667e-001
3.999107e+004	4.000628e+004	4.003640e+004	7	1.000000e+014
3.998647e+004	4.000550e+004	4.003851e+004	7	1.000000e+014
3.998647e+004	4.000664e+004	4.003911e+004	8	1.000000e+014
3.998837e+004	4.000579e+004	4.003886e+004	8	1.000000e+014
3.998647e+004	4.000914e+004	4.003995e+004	9	3.333333e-001
3.998647e+004	4.000914e+004	4.003995e+004	9	1.000000e+014
3.998745e+004	4.000664e+004	4.003911e+004	9	1.000000e+014
4.998574e+004	5.000000e+004	5.002687e+004	10	0.000000e+000
4.998574e+004	5.000000e+004	5.002687e+004	10	1.000000e+014
4.998574e+004	5.000000e+004	5.002687e+004	10	0.000000e+000
4.998574e+004	5.000000e+004	5.002687e+004	10	0.000000e+000
4.998590e+004	5.000339e+004	5.003078e+004	11	1.000000e+014
4.998731e+004	5.000152e+004	5.003607e+004	11	1.983542e+000
4.998871e+004	5.000126e+004	5.002969e+004	11	-6.087069e-001
4.998783e+004	5.000475e+004	5.002791e+004	11	1.484611e+000
4.998754e+004	5.000169e+004	5.003045e+004	11	6.487429e-001
# cur_generation = 7
1.999987e+004	2.000532e+004	2.003730e+004	1	1.000000e+014
1.999982e+004	2.000701e+004	2.003901e+004	1	1.000000e+014
1.999987e+004	2.000610e+004	2.003730e+004	2	1.000000e+014
1.999987e+004	2.001160e+004	2.004013e+004	3	1.000000e+014
2.998699e+004	3.000170e+004	3.002953e+004	4	-9.668200e+000
2.998647e+004	3.000471e+004	3.003647e+004	4	1.000000e+014
2.998941e+004	3.000147e+004	3.003517e+004	4	5.334932e+001
2.998590e+004	3.000471e+004	3.003651e+004	4	1.000000e+014
2.998745e+004	3.000221e+004	3.003581e+004	5	3.333333e-001
2.998941e+004	3.000147e+004	3.003521e+004	5	1.000000e+014
2.998871e+004	3.000270e+004	3.003207e+004	5	1.000000e+014
2.998871e+004	3.000270e+004	3.003207e+004	5	1.000000e+014
2.998783e+004	3.000297e+004	3.003746e+004	6	1.000000e+014
2.998776e+004	3.000393e+004	3.003680e+004	6	1.000000e+014
2.998776e+004	3.000439e+004	3.003680e+004	7	1.000000e+014
2.999508e+004	3.000850e+004	3.003972e+004	8	6.666667e-001
2.999606e+004	3.000757e+004	3.003947e+004	8	1.000000e+014
2.999992e+004	3.000853e+004	3.003697e+004	8	1.000000e+014
3.998783e+004	4.000197e+004	4.003528e+004	9	3.333333e-001
3.998647e+004	4.000213e+004	4.002950e+004	9	1.000000e+014
3.998590e+004	4.000639e+004	4.003005e+004	9	1.000000e+014
3.998590e+004	4.000914e+004	4.003995e+004	10	-8.551371e-002
3.998647e+004	4.000439e+004	4.003234e+004	10	1.000000e+014
3.998776e+004	4.000309e+004	4.003216e+004	10	1.716005e-001
3.998699e+004	4.000250e+004	4.003575e+004	10	1.000000e+014
3.998699e+004	4.000250e+004	4.003575e+004	10	1.000000e+014
3.998903e+004	4.000446e+004	4.003123e+004	10	1.537147e-001
3.998699e+004	4.000250e+004	4.003575e+004	10	3.706993e-001
3.998699e+004	4.000250e+004	4.003575e+004	10	1.782227e-001
3.998783e+004	4.000197e+004	4.003532e+004	10	2.851229e-001
3.998783e+004	4.000197e+004	4.003532e+004	10	-4.444451e-002
3.998783e+004	4.000197e+004	4.003532e+004	10	0.000000e+000
3.998783e+004	4.000197e+004	4.003532e+004	10	-5.429212e-002
3.999970e+004	4.000660e+004	4.003226e+004	11	1.000000e+014
3.998647e+004	4.000471e+004	4.003622e+004	11	1.000000e+014
3.999970e+004	4.000771e+004	4.003244e+004	12	4.834831e-001
3.998647e+004	4.000550e+004	4.003851e+004	12	1.000000e+014
3.999107e+004	4.000628e+004	4.003640e+004	12	-6.097749e-001
3.998647e+004	4.000628e+004	4.003706e+004	12	3.314129e-001
3.998837e+004	4.000579e+004	4.003886e+004	13	1.000000e+014
# cur_generation = 8
1.999909e+004	2.001242e+004	2.003137e+004	1	6.666667e-001
1.999987e+004	2.000518e+004	2.003705e+004	1	1.000000e+014
1.998657e+004	2.000536e+004	2.003740e+004	1	1.000000e+014
1.999982e+004	2.000701e+004	2.003901e+004	2	1.000000e+014
1.999987e+004	2.000532e+004	2.003730e+004	2	1.000000e+014
1.999987e+004	2.000610e+004	2.003730e+004	3	1.000000e+014
1.999994e+004	2.000707e+004	2.003766e+004	4	6.666667e-001
1.999994e+004	2.000707e+004	2.003766e+004	4	0.000000e+000
1.999994e+004	2.000707e+004	2.003766e+004	4	1.000000e+014
1.999987e+004	2.001160e+004	2.004013e+004	4	0.000000e+000
2.998590e+004	3.000471e+004	3.003651e+004	5	4.053282e-001
2.998941e+004	3.000147e+004	3.003517e+004	5	1.000000e+014
2.998647e+004	3.000471e+004	3.003647e+004	5	1.000000e+014
2.998699e+004	3.000170e+004	3.002953e+004	5	-9.613566e+000
2.998871e+004	3.000270e+004	3.003207e+004	6	2.191619e+000
2.998871e+004	3.000270e+004	3.003207e+004	6	-1.393948e+000
2.998941e+004	3.000147e+004	3.003521e+004	6	1.000000e+014
2.998745e+004	3.000221e+004	3.003581e+004	6	1.000000e+014
2.998776e+004	3.000393e+004	3.003680e+004	7	1.000000e+014
2.998783e+004	3.000297e+004	3.003746e+004	7	1.000000e+014
2.998776e+004	3.000439e+004	3.003680e+004	8	1.000000e+014
2.999508e+004	3.000850e+004	3.003972e+004	9	4.298627e-001
2.999992e+004	3.000853e+004	3.003697e+004	9	1.000000e+014
2.999606e+004	3.000757e+004	3.003947e+004	9	1.000000e+014
2.999508e+004	3.000850e+004	3.003972e+004	9	2.673032e-001
2.999508e+004	3.001400e+004	3.004714e+004	10	1.000000e+014
2.999982e+004	3.001492e+004	3.005056e+004	11	1.000000e+014
3.998590e+004	4.000463e+004	4.003237e+004	12	1.097912e+000
3.998590e+004	4.000639e+004	4.003005e+004	12	2.364575e-002
3.998647e+004	4.000213e+004	4.002950e+004	12	1.000000e+014
3.998783e+004	4.000197e+004	4.003528e+004	12	1.000000e+014
3.998783e+004	4.000197e+004	4.003532e+004	13	1.000000e+014
3.998783e+004	4.000197e+004	4.003532e+004	13	1.000000e+014
3.998699e+004	4.000250e+004	4.003575e+004	13	1.000000e+014
3.998776e+004	4.000309e+004	4.003216e+004	13	2.496411e-001
3.998699e+004	4.000250e+004	4.003575e+004	13	5.192589e-001
3.998903e+004	4.000446e+004	4.003123e+004	13	4.845644e-001
3.998699e+004	4.000250e+004	4.003575e+004	13	1.449081e-001
3.998647e+004	4.000439e+004	4.003234e+004	13	2.413252e-001
3.998590e+004	4.000771e+004	4.003821e+004	13	4.932621e-001
# cur_generation = 9
-6.114277e-002	5.525183e+000	3.636028e+001	1	1.000000e+014
-1.334264e+000	1.884956e+001	4.121320e+001	1	1.000000e+014
1.999999e+004	2.000660e+004	2.003343e+004	2	-1.#IND00e+000
1.998871e+004	-1.#IND00e+000	2.003703e+004	2	1.000000e+014
1.998657e+004	2.000536e+004	2.003740e+004	2	1.000000e+014
1.999909e+004	2.001242e+004	2.003137e+004	2	3.781472e+000
1.999982e+004	2.000701e+004	2.003901e+004	3	1.000000e+014
1.999987e+004	2.000518e+004	2.003705e+004	3	1.000000e+014
1.999982e+004	2.000757e+004	2.003915e+004	4	1.000000e+014
1.999987e+004	2.000532e+004	2.003730e+004	4	1.000000e+014
1.999987e+004	2.000610e+004	2.003730e+004	5	1.000000e+014
1.999994e+004	2.000707e+004	2.003766e+004	6	6.666667e-001
1.999994e+004	2.000707e+004	2.003766e+004	6	1.000000e+014
1.999987e+004	2.001160e+004	2.004013e+004	6	1.000000e+014
1.999994e+004	2.000707e+004	2.003766e+004	6	0.000000e+000
1.999994e+004	2.000707e+004	2.003766e+004	6	0.000000e+000
1.999994e+004	2.000707e+004	2.003766e+004	6	0.000000e+000
1.999994e+004	2.001257e+004	2.004049e+004	7	0.000000e+000
1.999994e+004	2.001257e+004	2.004049e+004	7	1.000000e+014
2.998590e+004	-1.#IND00e+000	3.003522e+004	8	6.666667e-001
2.998699e+004	3.000170e+004	3.002953e+004	8	1.000000e+014
2.998941e+004	3.000147e+004	3.003517e+004	8	1.000000e+014
2.998745e+004	3.000221e+004	3.003581e+004	9	3.236850e+000
2.998941e+004	3.000147e+004	3.003521e+004	9	-4.504908e+000
2.998871e+004	3.000270e+004	3.003207e+004	9	1.575017e+000
2.998871e+004	3.000270e+004	3.003207e+004	9	1.000000e+014
2.998647e+004	3.000314e+004	3.003624e+004	9	1.000000e+014
2.998590e+004	3.000471e+004	3.003651e+004	9	1.000000e+014
2.998590e+004	3.000648e+004	3.003784e+004	10	6.904067e+000
2.998783e+004	3.000297e+004	3.003746e+004	10	1.000000e+014
2.998776e+004	3.000393e+004	3.003680e+004	10	1.000000e+014
2.998647e+004	3.000471e+004	3.003647e+004	10	-9.052182e+000
2.998647e+004	3.001070e+004	3.004019e+004	11	3.333333e-001
2.998783e+004	3.000511e+004	3.003676e+004	11	1.000000e+014
2.998776e+004	3.000439e+004	3.003680e+004	11	1.000000e+014
2.999450e+004	3.000850e+004	3.003972e+004	12	-2.109839e+000
2.999947e+004	3.001296e+004	3.003846e+004	12	1.000000e+014
2.999606e+004	3.000757e+004	3.003947e+004	12	1.000000e+014
2.999992e+004	3.000853e+004	3.003697e+004	12	-1.340069e+000
2.999508e+004	3.000850e+004	3.003972e+004	13	1.000000e+014
# cur_generation = 10
-6.114277e-002	7.068583e+000	3.589949e+001	1	6.666667e-001
-1.334264e+000	1.884956e+001	4.121320e+001	1	1.000000e+014
-6.114277e-002	5.525183e+000	3.636028e+001	1	1.000000e+014
1.998590e+004	2.000157e+004	2.003297e+004	2	1.000000e+014
1.999909e+004	2.001242e+004	2.003137e+004	2	1.000000e+014
1.998590e+004	2.000654e+004	2.003909e+004	3	-1.#IND00e+000
1.998657e+004	2.000536e+004	2.003740e+004	3	1.000000e+014
1.998871e+004	-1.#IND00e+000	2.003703e+004	3	1.000000e+014
1.999999e+004	2.000660e+004	2.003343e+004	3	1.000000e+014
1.998657e+004	2.000707e+004	2.003766e+004	4	4.913047e+000
1.999982e+004	2.000678e+004	2.003915e+004	4	1.000000e+014
1.999987e+004	2.000518e+004	2.003705e+004	4	1.000000e+014
1.999982e+004	2.000701e+004	2.003901e+004	4	9.327577e+001
1.999960e+004	2.000800e+004	2.003948e+004	5	-1.007323e+000
1.999960e+004	2.000800e+004	2.003948e+004	5	3.427176e-001
2.000000e+004	2.000568e+004	2.003715e+004	5	2.905214e-001
1.999987e+004	2.000532e+004	2.003730e+004	5	1.967739e+000
1.999982e+004	2.000757e+004	2.003915e+004	5	1.000000e+014
1.999913e+004	2.002440e+004	2.006523e+004	5	5.050191e-001
1.999943e+004	2.001490e+004	2.004955e+004	5	1.000000e+014
1.999994e+004	2.000599e+004	2.003737e+004	6	1.000000e+014
1.999987e+004	2.000610e+004	2.003730e+004	6	1.000000e+014
1.999994e+004	2.000707e+004	2.003766e+004	7	6.666667e-001
1.999994e+004	2.000707e+004	2.003766e+004	7	1.000000e+014
1.999994e+004	2.000707e+004	2.003766e+004	7	0.000000e+000
1.999994e+004	2.000707e+004	2.003766e+004	7	1.000000e+014
1.999994e+004	2.000707e+004	2.003766e+004	7	0.000000e+000
1.999987e+004	2.001160e+004	2.004013e+004	7	0.000000e+000
1.999994e+004	2.000707e+004	2.003766e+004	7	0.000000e+000
1.999994e+004	2.000707e+004	2.003766e+004	7	0.000000e+000
1.999994e+004	2.001257e+004	2.004049e+004	8	0.000000e+000
1.999994e+004	2.001257e+004	2.004049e+004	8	1.000000e+014
1.999994e+004	2.001257e+004	2.004049e+004	8	0.000000e+000
1.999994e+004	2.001257e+004	2.004049e+004	8	0.000000e+000
1.999994e+004	2.001257e+004	2.004049e+004	8	0.000000e+000
2.998941e+004	3.000147e+004	3.003517e+004	9	-1.#IND00e+000
2.998699e+004	3.000170e+004	3.002953e+004	9	1.000000e+014
2.998590e+004	-1.#IND00e+000	3.003522e+004	9	1.000000e+014
2.998871e+004	3.000270e+004	3.003207e+004	10	1.000000e+014
2.998941e+004	3.000147e+004	3.003521e+004	10	7.427759e-001
# cur_generation = 11
-3.923132e-001	7.068584e+000	3.589949e+001	1	2.630721e-001
-6.114277e-002	5.525183e+000	3.636028e+001	1	1.000000e+014
-1.334264e+000	1.884956e+001	4.121320e+001	1	0.000000e+000
-6.114277e-002	7.068583e+000	3.589949e+001	1	4.035946e-001
-6.114277e-002	6.477702e+000	3.648885e+001	2	1.000000e+014
9.998919e+003	1.001149e+004	1.003268e+004	3	1.000000e+014
1.999909e+004	2.001242e+004	2.003137e+004	4	1.000000e+014
1.998590e+004	2.000157e+004	2.003297e+004	4	1.000000e+014
1.998776e+004	2.000489e+004	2.003715e+004	5	-1.#IND00e+000
1.999999e+004	2.000660e+004	2.003343e+004	5	1.000000e+014
1.998871e+004	-1.#IND00e+000	2.003703e+004	5	1.000000e+014
1.998657e+004	2.000536e+004	2.003740e+004	5	-1.#IND00e+000
1.998590e+004	2.000654e+004	2.003909e+004	5	1.000000e+014
1.999982e+004	2.000701e+004	2.003901e+004	6	2.881655e-001
1.999987e+004	2.000518e+004	2.003705e+004	6	1.000000e+014
1.999982e+004	2.000678e+004	2.003915e+004	6	6.548525e-001
1.998657e+004	2.000707e+004	2.003766e+004	6	1.000000e+014
1.999020e+004	2.000771e+004	2.003940e+004	7	8.885460e-002
1.999982e+004	2.000757e+004	2.003915e+004	7	1.000000e+014
1.999987e+004	2.000532e+004	2.003730e+004	7	1.000000e+014
2.000000e+004	2.000568e+004	2.003715e+004	7	6.070035e-001
1.999994e+004	2.000589e+004	2.003734e+004	8	1.169086e+000
1.999960e+004	2.000800e+004	2.003948e+004	8	1.000000e+014
1.999960e+004	2.000800e+004	2.003948e+004	8	9.364831e-002
1.999987e+004	2.000610e+004	2.003730e+004	8	4.590059e-002
1.999943e+004	2.001490e+004	2.004955e+004	8	4.507827e-001
1.999913e+004	2.002440e+004	2.006523e+004	8	1.000000e+014
1.999960e+004	2.000800e+004	2.003948e+004	8	-2.141125e-001
1.999960e+004	2.000800e+004	2.003948e+004	8	2.835669e-001
1.999960e+004	2.000864e+004	2.003966e+004	9	1.000000e+014
1.999994e+004	2.000599e+004	2.003737e+004	9	1.000000e+014
1.999994e+004	2.000643e+004	2.003748e+004	10	4.955241e-001
1.999994e+004	2.000643e+004	2.003748e+004	10	1.000000e+014
1.999960e+004	2.001521e+004	2.004606e+004	10	1.000000e+014
1.999994e+004	2.000628e+004	2.003766e+004	10	-6.276372e-001
1.999987e+004	2.001160e+004	2.004013e+004	10	0.000000e+000
1.999994e+004	2.000707e+004	2.003766e+004	11	1.000000e+014
1.999994e+004	2.000707e+004	2.003766e+004	11	0.000000e+000
1.999994e+004	2.000707e+004	2.003766e+004	11	0.000000e+000
1.999994e+004	2.000707e+004	2.003766e+004	11	0.000000e+000
# cur_generation = 12
-4.030492e-001	7.743324e+000	3.835341e+001	1	-3.377255e-001
-3.923132e-001	5.987745e+000	3.560839e+001	1	1.000000e+014
-1.334264e+000	1.884956e+001	4.121320e+001	1	3.441394e-001
-6.114277e-002	5.525183e+000	3.636028e+001	1	1.000000e+014
-6.114277e-002	6.477702e+000	3.648885e+001	2	3.333333e-001
-6.114277e-002	7.068583e+000	3.589949e+001	2	1.000000e+014
-3.923132e-001	7.068584e+000	3.589949e+001	2	1.000000e+014
-4.030492e-001	9.708572e+000	3.871478e+001	2	3.333333e-001
-3.923132e-001	1.021018e+001	3.789949e+001	3	1.000000e+014
-6.114277e-002	7.995879e+000	3.689292e+001	3	1.000000e+014
9.999939e+003	1.000628e+004	1.003542e+004	4	-1.938801e+002
9.999986e+003	1.000721e+004	1.003367e+004	4	1.000000e+014
9.999988e+003	1.000628e+004	1.003301e+004	4	1.000000e+014
9.998919e+003	1.001149e+004	1.003268e+004	4	8.999469e+000
1.998590e+004	2.000157e+004	2.003297e+004	5	1.000000e+014
1.999909e+004	2.001242e+004	2.003137e+004	5	1.000000e+014
1.998657e+004	2.000420e+004	2.003434e+004	6	1.000000e+000
1.998590e+004	2.000654e+004	2.003909e+004	6	1.000000e+014
1.999999e+004	2.000660e+004	2.003343e+004	6	1.000000e+014
1.998657e+004	2.000536e+004	2.003740e+004	7	-1.#IND00e+000
1.998871e+004	-1.#IND00e+000	2.003703e+004	7	1.000000e+014
1.998776e+004	2.000489e+004	2.003715e+004	7	1.000000e+014
1.998657e+004	2.000707e+004	2.003766e+004	8	4.913047e+000
1.999982e+004	2.000678e+004	2.003915e+004	8	1.000000e+014
1.999987e+004	2.000518e+004	2.003705e+004	8	1.000000e+014
1.999982e+004	2.000701e+004	2.003901e+004	8	9.327577e+001
1.998657e+004	2.001257e+004	2.004049e+004	9	-2.462970e+001
1.999020e+004	2.000834e+004	2.003937e+004	9	2.475699e+001
2.000000e+004	2.000568e+004	2.003715e+004	9	1.000000e+014
1.999987e+004	2.000532e+004	2.003730e+004	9	1.000000e+014
1.999982e+004	2.000757e+004	2.003915e+004	9	2.526317e+001
1.999020e+004	2.000771e+004	2.003940e+004	9	9.400330e+000
1.999994e+004	2.000589e+004	2.003734e+004	10	-2.934284e-002
1.999020e+004	2.000850e+004	2.003940e+004	10	1.000000e+014
1.999960e+004	2.000800e+004	2.003948e+004	10	3.914690e-001
1.999960e+004	2.000800e+004	2.003948e+004	10	2.928387e-001
1.999987e+004	2.000610e+004	2.003730e+004	10	1.000000e+014
1.999960e+004	2.000800e+004	2.003948e+004	10	1.000000e+014
1.999960e+004	2.000800e+004	2.003948e+004	10	9.250377e-003
1.999994e+004	2.000589e+004	2.003734e+004	10	2.952902e-001
# cur_generation = 13
-3.923132e-001	5.742766e+000	3.560839e+001	1	1.598480e-001
-6.114277e-002	5.525183e+000	3.636028e+001	1	1.000000e+014
-1.334264e+000	1.884956e+001	4.121320e+001	1	1.000000e+014
-4.030492e-001	7.743324e+000	3.835341e+001	1	1.000000e+014
-4.030492e-001	9.708572e+000	3.871478e+001	2	1.000000e+014
-3.923132e-001	5.987745e+000	3.560839e+001	2	1.000000e+014
-3.923132e-001	7.068584e+000	3.589949e+001	3	3.333333e-001
-6.114277e-002	6.232723e+000	3.648885e+001	3	1.000000e+014
-3.923132e-001	7.068584e+000	3.589949e+001	3	1.000000e+014
-6.114277e-002	7.068583e+000	3.589949e+001	3	3.333333e-001
-3.923132e-001	9.282881e+000	3.764756e+001	4	0.000000e+000
-6.114277e-002	6.477702e+000	3.648885e+001	4	1.000000e+014
-2.199184e-001	7.210481e+000	3.689292e+001	4	6.666667e-001
-6.114277e-002	6.477702e+000	3.648885e+001	4	2.033162e-001
-6.114277e-002	7.995879e+000	3.689292e+001	5	1.000000e+014
-3.923132e-001	1.021018e+001	3.789949e+001	5	1.000000e+014
-6.114277e-002	8.639380e+000	3.707107e+001	6	0.000000e+000
-6.114277e-002	8.639380e+000	3.707107e+001	6	1.000000e+014
9.999967e+003	1.000506e+004	1.003536e+004	7	1.860967e+002
9.998919e+003	1.001149e+004	1.003268e+004	7	1.000000e+014
9.999988e+003	1.000628e+004	1.003301e+004	7	1.000000e+014
9.999986e+003	1.000721e+004	1.003367e+004	7	1.000000e+014
9.999939e+003	1.000628e+004	1.003542e+004	7	3.672343e+000
9.999172e+003	1.001635e+004	1.003686e+004	8	1.000000e+014
1.999909e+004	2.001242e+004	2.003137e+004	9	1.000000e+014
1.998590e+004	2.000157e+004	2.003297e+004	9	1.000000e+014
1.999999e+004	2.000660e+004	2.003343e+004	10	3.333333e-001
1.998590e+004	2.000654e+004	2.003909e+004	10	1.000000e+014
1.998657e+004	2.000420e+004	2.003434e+004	10	1.000000e+014
1.998776e+004	2.000489e+004	2.003715e+004	11	-1.#IND00e+000
1.999972e+004	2.000991e+004	2.003630e+004	11	1.000000e+014
1.998776e+004	2.000489e+004	2.003715e+004	11	-1.#IND00e+000
1.998871e+004	-1.#IND00e+000	2.003703e+004	11	1.000000e+014
1.998657e+004	2.000536e+004	2.003740e+004	11	1.000000e+014
1.998657e+004	2.000628e+004	2.003766e+004	12	1.000000e+014
1.999987e+004	2.000518e+004	2.003705e+004	12	1.000000e+014
1.999982e+004	2.000678e+004	2.003915e+004	13	1.000000e+014
1.999987e+004	2.000532e+004	2.003730e+004	13	-1.216434e+000
1.999982e+004	2.000693e+004	2.003799e+004	13	3.564441e+001
1.998657e+004	2.000707e+004	2.003766e+004	13	-6.124756e-003
# cur_generation = 14
-6.347954e-001	8.781277e+000	3.772135e+001	1	-5.826206e-001
-4.030492e-001	7.743324e+000	3.835341e+001	1	1.357450e+000
-1.334264e+000	1.884956e+001	4.121320e+001	1	1.000000e+014
-6.114277e-002	5.525183e+000	3.636028e+001	1	1.000000e+014
-3.923132e-001	5.742766e+000	3.560839e+001	1	1.000000e+014
-3.923132e-001	5.961435e+000	3.572135e+001	2	6.666667e-001
-3.923132e-001	5.987745e+000	3.560839e+001	2	1.000000e+014
-4.030492e-001	9.708572e+000	3.871478e+001	2	1.000000e+014
-6.114277e-002	6.176372e+000	3.639958e+001	3	3.333333e-001
-3.923132e-001	7.068584e+000	3.589949e+001	3	1.000000e+014
-3.923132e-001	7.068584e+000	3.589949e+001	3	1.411274e+007
-6.114277e-002	7.068583e+000	3.589949e+001	3	1.000000e+014
-3.923132e-001	7.068584e+000	3.589949e+001	3	0.000000e+000
-3.923132e-001	7.068584e+000	3.589949e+001	3	6.666667e-001
-2.199184e-001	7.210481e+000	3.689292e+001	4	6.666667e-001
-3.923132e-001	9.282881e+000	3.764756e+001	4	0.000000e+000
-6.114277e-002	6.232723e+000	3.648885e+001	4	1.000000e+014
-6.114277e-002	6.232723e+000	3.648885e+001	4	1.000000e+014
-3.923132e-001	1.021018e+001	3.789949e+001	5	0.000000e+000
-6.114277e-002	6.477702e+000	3.648885e+001	5	1.000000e+014
-6.114277e-002	6.477702e+000	3.648885e+001	5	1.000000e+014
-6.114277e-002	6.888730e+000	3.671478e+001	6	1.000000e+014
-6.114277e-002	7.352378e+000	3.671478e+001	7	0.000000e+000
-6.114277e-002	7.352378e+000	3.671478e+001	7	1.000000e+014
-6.114277e-002	7.995879e+000	3.689292e+001	8	1.000000e+014
-6.114277e-002	8.639380e+000	3.707107e+001	9	0.000000e+000
-6.114277e-002	8.639380e+000	3.707107e+001	9	1.000000e+014
-6.114277e-002	8.639380e+000	3.707107e+001	9	0.000000e+000
-6.114277e-002	8.639380e+000	3.707107e+001	9	0.000000e+000
9.999155e+003	1.000982e+004	1.003295e+004	10	-1.460292e+003
9.990871e+003	1.000903e+004	1.003485e+004	10	1.428750e+002
9.998919e+003	1.001100e+004	1.003268e+004	10	-1.510343e+002
9.999618e+003	1.000564e+004	1.003689e+004	10	1.000000e+014
9.999939e+003	1.000628e+004	1.003542e+004	10	1.000000e+014
9.999986e+003	1.000721e+004	1.003367e+004	10	1.000000e+014
9.999988e+003	1.000628e+004	1.003301e+004	10	-2.594854e-001
9.999967e+003	1.000506e+004	1.003536e+004	10	-5.851728e+001
9.998919e+003	1.001149e+004	1.003268e+004	11	1.000000e+014
9.998764e+003	1.001695e+004	1.005462e+004	11	1.000000e+014
9.999172e+003	1.001635e+004	1.003686e+004	12	1.000000e+014
# cur_generation = 15
-1.504732e-002	4.762178e+000	3.606813e+001	1	-1.993499e+000
-1.351006e+000	1.335177e+001	3.179899e+001	1	4.326824e-001
-6.454778e-001	1.021018e+001	3.672792e+001	1	8.368799e-001
-3.923132e-001	5.742766e+000	3.560839e+001	1	1.000000e+014
-6.114277e-002	5.525183e+000	3.636028e+001	1	1.000000e+014
-4.030492e-001	7.743324e+000	3.835341e+001	1	1.681033e+000
-6.347954e-001	8.781277e+000	3.772135e+001	1	1.000000e+014
-5.932698e-001	1.099557e+001	3.907107e+001	2	3.850069e-001
-4.030492e-001	9.708572e+000	3.871478e+001	2	3.287372e-001
-3.923132e-001	5.987745e+000	3.560839e+001	2	1.000000e+014
-3.923132e-001	5.961435e+000	3.572135e+001	2	1.000000e+014
-1.334264e+000	1.884956e+001	4.121320e+001	2	0.000000e+000
-3.923132e-001	6.425082e+000	3.572135e+001	3	6.666667e-001
-3.923132e-001	6.425082e+000	3.572135e+001	3	1.000000e+014
-6.114277e-002	6.176372e+000	3.639958e+001	3	1.000000e+014
-3.923132e-001	7.068584e+000	3.589949e+001	4	0.000000e+000
-3.923132e-001	7.068584e+000	3.589949e+001	4	0.000000e+000
-3.923132e-001	7.068584e+000	3.589949e+001	4	0.000000e+000
-3.923132e-001	7.068584e+000	3.589949e+001	4	0.000000e+000
-3.923132e-001	7.068584e+000	3.589949e+001	4	0.000000e+000
-6.114277e-002	6.232723e+000	3.648885e+001	4	1.000000e+014
-6.114277e-002	6.232723e+000	3.648885e+001	4	0.000000e+000
-3.923132e-001	7.068584e+000	3.589949e+001	4	0.000000e+000
-3.923132e-001	7.068584e+000	3.589949e+001	4	1.000000e+014
-6.114277e-002	7.068583e+000	3.589949e+001	4	1.000000e+014
-3.923132e-001	7.068584e+000	3.589949e+001	4	0.000000e+000
-3.923132e-001	7.068584e+000	3.589949e+001	4	0.000000e+000
-3.228484e-001	7.390334e+000	3.681913e+001	5	2.063078e-001
-6.114277e-002	6.245229e+000	3.653663e+001	5	1.000000e+014
-6.114277e-002	6.477702e+000	3.648885e+001	5	3.914377e-001
-6.114277e-002	6.477702e+000	3.648885e+001	5	-1.784833e-001
-6.114277e-002	6.477702e+000	3.648885e+001	5	1.000000e+014
-3.923132e-001	9.282881e+000	3.764756e+001	5	0.000000e+000
-2.199184e-001	7.210481e+000	3.689292e+001	5	1.000000e+014
-3.040904e-001	7.853982e+000	3.707107e+001	6	6.666667e-001
-6.114277e-002	6.888730e+000	3.671478e+001	6	1.971170e-001
-6.114277e-002	6.888730e+000	3.671478e+001	6	1.000000e+014
-6.114277e-002	6.888730e+000	3.671478e+001	6	0.000000e+000
-3.923132e-001	1.021018e+001	3.789949e+001	6	0.000000e+000
-6.114277e-002	7.352378e+000	3.671478e+001	7	1.000000e+014
# cur_generation = 16
-3.527435e-001	5.497787e+000	3.507107e+001	1	-2.101265e+000
-6.347954e-001	8.343939e+000	3.760839e+001	1	-4.111038e-001
-4.030492e-001	7.743324e+000	3.835341e+001	1	1.996484e+000
-3.923132e-001	5.742766e+000	3.560839e+001	1	1.000000e+014
-6.454778e-001	1.021018e+001	3.672792e+001	1	1.000000e+014
-1.351006e+000	1.335177e+001	3.179899e+001	1	4.081819e-001
-1.504732e-002	4.762178e+000	3.606813e+001	1	1.065226e+000
-6.454778e-001	1.178097e+001	3.731371e+001	2	-7.426341e-002
-1.334264e+000	1.884956e+001	4.121320e+001	2	1.000000e+014
-3.923132e-001	5.961435e+000	3.572135e+001	2	1.000000e+014
-3.923132e-001	5.987745e+000	3.560839e+001	2	5.926421e-001
-6.347954e-001	8.781277e+000	3.772135e+001	2	1.000000e+014
-6.114277e-002	5.525183e+000	3.636028e+001	2	-1.513266e-001
-6.114277e-002	5.639684e+000	3.637597e+001	3	0.000000e+000
-5.932698e-001	1.035207e+001	3.889292e+001	3	1.000000e+014
-3.923132e-001	6.425082e+000	3.572135e+001	3	1.000000e+014
-3.923132e-001	6.425082e+000	3.572135e+001	3	1.000000e+014
-3.923132e-001	6.425082e+000	3.572135e+001	3	6.666415e+000
-4.030492e-001	9.708572e+000	3.871478e+001	3	-2.022690e-001
-3.923132e-001	7.068584e+000	3.589949e+001	4	0.000000e+000
-3.923132e-001	7.068584e+000	3.589949e+001	4	0.000000e+000
-3.923132e-001	7.068584e+000	3.589949e+001	4	0.000000e+000
-3.923132e-001	7.068584e+000	3.589949e+001	4	0.000000e+000
-3.923132e-001	7.068584e+000	3.589949e+001	4	0.000000e+000
-3.923132e-001	7.068584e+000	3.589949e+001	4	0.000000e+000
-3.923132e-001	7.068584e+000	3.589949e+001	4	0.000000e+000
-3.923132e-001	7.068584e+000	3.589949e+001	4	0.000000e+000
-3.923132e-001	7.068584e+000	3.589949e+001	4	0.000000e+000
-6.114277e-002	7.068583e+000	3.589949e+001	4	1.000000e+014
-3.923132e-001	7.068584e+000	3.589949e+001	4	0.000000e+000
-3.923132e-001	7.068584e+000	3.589949e+001	4	0.000000e+000
-3.923132e-001	7.068584e+000	3.589949e+001	4	0.000000e+000
-3.923132e-001	7.068584e+000	3.589949e+001	4	0.000000e+000
-3.923132e-001	7.068584e+000	3.589949e+001	4	0.000000e+000
-3.923132e-001	7.068584e+000	3.589949e+001	4	0.000000e+000
-3.923132e-001	7.068584e+000	3.589949e+001	4	0.000000e+000
-5.932698e-001	1.099557e+001	3.907107e+001	4	1.000000e+014
-5.932698e-001	1.099557e+001	3.907107e+001	4	0.000000e+000
-6.114277e-002	6.176372e+000	3.639958e+001	4	0.000000e+000
-6.114277e-002	6.232723e+000	3.648885e+001	5	1.000000e+014
# cur_generation = 17
-3.923132e-001	5.544290e+000	3.522490e+001	1	4.434093e+000
-3.799857e-001	4.570492e+000	3.521748e+001	1	7.754737e-002
-1.351006e+000	1.335177e+001	3.179899e+001	1	2.778696e+000
-6.454778e-001	1.021018e+001	3.672792e+001	1	-2.376726e+000
-4.030492e-001	7.743324e+000	3.835341e+001	1	1.000000e+014
-6.347954e-001	8.343939e+000	3.760839e+001	1	1.000000e+014
-3.527435e-001	5.497787e+000	3.507107e+001	1	1.000000e+014
-3.923132e-001	5.828085e+000	3.556804e+001	2	-3.323161e+000
-3.923132e-001	5.828085e+000	3.556804e+001	2	6.855972e+000
-1.334264e+000	1.884956e+001	3.721320e+001	2	-2.511390e+000
-8.518281e-001	1.635146e+001	4.137820e+001	2	1.000000e+014
-6.114277e-002	5.525183e+000	3.636028e+001	2	1.000000e+014
-6.347954e-001	8.781277e+000	3.772135e+001	2	3.664704e+000
-6.454778e-001	1.178097e+001	3.731371e+001	2	1.000000e+014
-1.504732e-002	4.762178e+000	3.606813e+001	2	8.095774e-001
-3.923132e-001	5.742766e+000	3.560839e+001	2	6.882427e-001
-3.923132e-001	5.987745e+000	3.560839e+001	3	1.386095e-001
-6.347954e-001	9.424778e+000	3.789949e+001	3	1.000000e+014
-6.114277e-002	5.639684e+000	3.637597e+001	3	1.000000e+014
-3.923132e-001	5.987745e+000	3.560839e+001	3	5.674356e-001
-3.923132e-001	5.961435e+000	3.572135e+001	3	6.127735e-001
-1.334264e+000	1.884956e+001	4.121320e+001	3	1.408995e-001
-5.932698e-001	9.888426e+000	3.889292e+001	4	-3.931082e-001
-3.923132e-001	6.283185e+000	3.589949e+001	4	4.160135e-002
-3.923132e-001	6.425082e+000	3.572135e+001	4	3.693571e-002
-3.923132e-001	6.283185e+000	3.589949e+001	4	1.000000e+014
-2.180292e-001	6.232723e+000	3.648885e+001	4	1.006424e+000
-2.180292e-001	6.232723e+000	3.648885e+001	4	1.000000e+014
-6.114277e-002	6.176372e+000	3.639958e+001	4	1.000000e+014
-3.923132e-001	6.425082e+000	3.572135e+001	4	2.796251e-001
-3.923132e-001	6.425082e+000	3.572135e+001	4	0.000000e+000
-3.923132e-001	6.425082e+000	3.572135e+001	4	3.035849e-001
-4.030492e-001	9.708572e+000	3.871478e+001	4	1.068581e+000
-6.114277e-002	6.232723e+000	3.648885e+001	5	1.000000e+014
-3.923132e-001	7.068584e+000	3.589949e+001	5	1.000000e+014
-6.114277e-002	7.068583e+000	3.589949e+001	5	1.000000e+014
-3.923132e-001	7.068584e+000	3.589949e+001	5	-8.171655e-002
-3.923132e-001	7.068584e+000	3.589949e+001	5	3.333333e-001
-3.923132e-001	7.068584e+000	3.589949e+001	5	8.485488e-002
-5.932698e-001	1.035207e+001	3.889292e+001	5	0.000000e+000
# cur_generation = 18
-6.454778e-001	7.068584e+000	3.589949e+001	1	1.249818e+001
-3.923132e-001	5.355890e+000	3.564756e+001	1	-6.064006e-002
-3.527435e-001	4.171970e+000	3.477996e+001	1	1.000000e+014
-1.351006e+000	1.335177e+001	3.179899e+001	1	1.000000e+014
-3.799857e-001	4.570492e+000	3.521748e+001	1	7.915946e-002
-3.923132e-001	5.544290e+000	3.522490e+001	1	-1.163335e+001
-5.572550e-001	8.639380e+000	3.707107e+001	2	-1.102638e-001
-8.518281e-001	1.570796e+001	3.955635e+001	2	1.000000e+014
-3.527435e-001	-1.#IND00e+000	3.436716e+001	2	-1.860994e-001
-3.923132e-001	6.386267e+000	3.535645e+001	2	1.000000e+014
-1.351006e+000	1.727876e+001	3.579899e+001	2	1.849562e+000
-3.923132e-001	5.742766e+000	3.560839e+001	2	6.105708e-001
-3.923132e-001	5.828085e+000	3.556804e+001	2	-2.060368e+000
-3.923132e-001	5.828085e+000	3.556804e+001	2	2.157929e-001
-6.347954e-001	8.317629e+000	3.772135e+001	2	2.350813e+000
-6.454778e-001	9.282881e+000	3.647599e+001	2	-1.#IND00e+000
-6.347954e-001	8.343939e+000	3.760839e+001	2	1.000000e+014
-4.030492e-001	7.743324e+000	3.835341e+001	2	2.220108e+000
-3.923132e-001	5.961435e+000	3.572135e+001	3	1.091870e+000
-3.923132e-001	5.987745e+000	3.560839e+001	3	-2.239612e-001
-3.923132e-001	5.987745e+000	3.560839e+001	3	1.226441e+001
-6.347954e-001	8.781277e+000	3.772135e+001	3	2.574368e+000
-6.454778e-001	1.021018e+001	3.672792e+001	3	1.000000e+014
-1.334264e+000	1.820605e+001	4.153776e+001	3	1.000000e+014
-1.334264e+000	1.884956e+001	3.721320e+001	3	-1.172126e+000
-1.504732e-002	4.762178e+000	3.606813e+001	3	1.000000e+014
-3.527435e-001	5.497787e+000	3.507107e+001	3	-2.279995e+000
-8.518281e-001	1.635146e+001	4.137820e+001	3	4.197279e-001
-6.454778e-001	1.070013e+001	3.702260e+001	4	1.802594e+000
-3.923132e-001	6.141288e+000	3.564756e+001	4	9.481768e-002
-1.334264e+000	1.884956e+001	4.121320e+001	4	1.000000e+014
-6.347954e-001	9.424778e+000	3.789949e+001	4	1.000000e+014
-6.114277e-002	5.525183e+000	3.636028e+001	4	1.000000e+014
-4.030492e-001	9.708572e+000	3.871478e+001	5	1.000000e+014
-3.923132e-001	6.283185e+000	3.589949e+001	5	5.518526e-001
-5.932698e-001	9.888426e+000	3.889292e+001	5	1.376546e+000
-6.114277e-002	5.639684e+000	3.637597e+001	5	1.000000e+014
-2.180292e-001	6.232723e+000	3.648885e+001	5	9.810864e-001
-3.923132e-001	6.425082e+000	3.572135e+001	5	5.570582e-001
-3.923132e-001	6.283185e+000	3.589949e+001	5	6.922654e-002
# cur_generation = 19
-1.343253e+001	5.961435e+000	3.646284e+001	1	-3.186647e+000
-6.454778e-001	5.961435e+000	3.572135e+001	1	1.597788e+002
-3.923132e-001	5.544290e+000	3.522490e+001	1	1.000000e+014
-3.799857e-001	4.570492e+000	3.521748e+001	1	1.000000e+014
-1.351006e+000	1.335177e+001	3.179899e+001	1	1.000000e+014
-3.527435e-001	4.171970e+000	3.477996e+001	1	-9.224737e-001
-3.923132e-001	5.355890e+000	3.564756e+001	1	-1.163875e+001
-6.454778e-001	7.068584e+000	3.589949e+001	2	-3.217602e-002
-3.923132e-001	5.828085e+000	3.556804e+001	2	-8.854449e-002
-3.923132e-001	5.828085e+000	3.556804e+001	2	-2.136183e-001
-3.923132e-001	5.742766e+000	3.560839e+001	2	1.000000e+014
-1.351006e+000	1.727876e+001	3.579899e+001	2	-1.#IND00e+000
-3.923132e-001	6.386267e+000	3.535645e+001	2	-1.#IND00e+000
-3.527435e-001	-1.#IND00e+000	3.436716e+001	2	5.164969e-001
-6.454778e-001	7.068584e+000	3.589949e+001	2	6.959538e-002
-6.454778e-001	7.068584e+000	3.589949e+001	2	3.791016e-001
-1.402969e+000	1.774241e+001	4.128582e+001	2	0.000000e+000
-8.518281e-001	1.067382e+001	3.654978e+001	2	1.000000e+014
-6.347954e-001	8.317629e+000	3.772135e+001	3	-2.442106e-001
-8.518281e-001	1.538621e+001	3.937820e+001	3	1.000000e+014
-3.527435e-001	4.390638e+000	3.489292e+001	3	-1.486448e+000
-1.334264e+000	1.884956e+001	3.721320e+001	3	-1.714193e-001
-1.334264e+000	1.820605e+001	4.153776e+001	3	1.257086e+000
-3.923132e-001	5.987745e+000	3.560839e+001	3	2.066895e-001
-3.923132e-001	5.987745e+000	3.560839e+001	3	4.976116e-001
-3.923132e-001	5.961435e+000	3.572135e+001	3	2.447124e-002
-4.030492e-001	7.743324e+000	3.835341e+001	3	1.001731e+000
-6.347954e-001	8.343939e+000	3.760839e+001	3	7.330255e-001
-6.454778e-001	9.282881e+000	3.647599e+001	3	2.286589e+000
-6.347954e-001	8.317629e+000	3.772135e+001	3	3.200873e-001
-5.572550e-001	8.639380e+000	3.707107e+001	3	1.000000e+014
-1.334264e+000	1.884956e+001	4.121320e+001	4	1.000000e+014
-3.527435e-001	5.497787e+000	3.507107e+001	4	1.000000e+014
-6.347954e-001	8.781277e+000	3.772135e+001	4	7.915713e-001
-6.454778e-001	1.021018e+001	3.672792e+001	4	1.736225e-001
-6.347954e-001	8.781277e+000	3.772135e+001	4	3.122567e-001
-4.030492e-001	8.588918e+000	3.848885e+001	4	1.000000e+014
-8.518281e-001	1.570796e+001	3.955635e+001	4	1.382876e-001
-3.923132e-001	6.141288e+000	3.564756e+001	4	-7.727583e-001
-6.454778e-001	1.021018e+001	3.672792e+001	4	-1.674379e-001
# cur_generation = 20
-8.518281e-001	7.532231e+000	3.572135e+001	1	-1.473144e+002
-3.527435e-001	4.661927e+000	3.448885e+001	1	-8.983164e-001
-6.454778e-001	5.662936e+000	3.556804e+001	1	1.596519e+002
-3.894567e-001	4.996183e+000	3.536506e+001	1	4.738944e-002
-3.894567e-001	4.996183e+000	3.536506e+001	1	1.000000e+014
-3.527435e-001	4.390638e+000	3.489292e+001	1	1.408295e+000
-3.923132e-001	5.355890e+000	3.564756e+001	1	3.195803e+000
-1.351006e+000	1.335177e+001	3.179899e+001	1	-5.664631e+000
-3.799857e-001	4.570492e+000	3.521748e+001	1	1.000000e+014
-3.923132e-001	5.544290e+000	3.522490e+001	1	1.000000e+014
-1.343253e+001	5.961435e+000	3.646284e+001	1	2.599461e+000
-8.518281e-001	7.853982e+000	3.589949e+001	2	-1.#IND00e+000
-8.518281e-001	7.853982e+000	3.589949e+001	2	-1.#IND00e+000
-1.402969e+000	1.774241e+001	4.128582e+001	2	-1.#IND00e+000
-3.527435e-001	-1.#IND00e+000	3.436716e+001	2	1.082261e-002
-3.923132e-001	6.386267e+000	3.535645e+001	2	-1.#IND00e+000
-1.351006e+000	1.727876e+001	3.579899e+001	2	1.000000e+014
-3.923132e-001	5.742766e+000	3.560839e+001	2	1.000000e+014
-3.923132e-001	5.828085e+000	3.556804e+001	2	-1.#IND00e+000
-3.923132e-001	5.828085e+000	3.556804e+001	2	-1.#IND00e+000
-6.454778e-001	5.961435e+000	3.572135e+001	2	-1.#IND00e+000
-6.454778e-001	5.961435e+000	3.572135e+001	2	-1.#IND00e+000
-3.270858e-002	4.661927e+000	3.448885e+001	3	-6.748765e+000
-5.986635e-001	7.532231e+000	3.572135e+001	3	2.433764e-001
-3.923132e-001	6.784789e+000	3.539562e+001	3	-5.395950e-001
-3.923132e-001	6.784789e+000	3.539562e+001	3	5.124194e-001
-3.923132e-001	5.961435e+000	3.572135e+001	3	1.000000e+014
-3.923132e-001	5.987745e+000	3.560839e+001	3	1.332739e-001
-3.923132e-001	5.987745e+000	3.560839e+001	3	5.926658e-001
-1.334264e+000	1.820605e+001	4.153776e+001	3	1.000000e+014
-1.334264e+000	1.884956e+001	3.721320e+001	3	1.912751e-001
-6.454778e-001	7.068584e+000	3.589949e+001	3	2.215687e+000
-6.454778e-001	7.068584e+000	3.589949e+001	3	7.923012e-001
-6.454778e-001	7.068584e+000	3.589949e+001	3	-2.243837e-002
-3.527435e-001	4.171970e+000	3.477996e+001	3	9.365848e-001
-8.518281e-001	1.067382e+001	3.654978e+001	3	6.102539e+000
-1.334264e+000	1.820605e+001	4.153776e+001	4	1.000000e+014
-4.030492e-001	7.743324e+000	3.835341e+001	4	1.000000e+014
-6.347954e-001	8.317629e+000	3.772135e+001	4	2.136562e+001
-3.527435e-001	4.712389e+000	3.507107e+001	4	-2.000371e-001
# cur_generation = 21
-3.923132e-001	5.202346e+000	3.560839e+001	1	3.521892e-001
-8.518281e-001	7.313562e+000	3.560839e+001	1	9.064583e-002
-3.894567e-001	5.176037e+000	3.529127e+001	1	3.456274e-002
-3.527435e-001	4.171970e+000	3.477996e+001	1	1.000000e+014
-1.343253e+001	5.961435e+000	3.646284e+001	1	1.448587e+000
-3.923132e-001	5.544290e+000	3.522490e+001	1	1.000000e+014
-3.799857e-001	4.570492e+000	3.521748e+001	1	5.172462e-002
-1.351006e+000	1.335177e+001	3.179899e+001	1	3.631874e-001
-3.894567e-001	4.996183e+000	3.536506e+001	1	2.981418e-001
-3.894567e-001	4.996183e+000	3.536506e+001	1	6.633011e-002
-6.454778e-001	5.662936e+000	3.556804e+001	1	1.000000e+014
-3.527435e-001	4.661927e+000	3.448885e+001	1	-1.479145e+000
-1.587429e+000	2.042035e+001	4.204163e+001	2	-1.#IND00e+000
-6.454778e-001	5.961435e+000	3.572135e+001	2	-1.#IND00e+000
-1.536021e+000	2.009860e+001	4.186348e+001	2	1.000000e+014
-6.454778e-001	5.961435e+000	3.572135e+001	2	-1.#IND00e+000
-6.454778e-001	5.961435e+000	3.572135e+001	2	-1.#IND00e+000
-3.923132e-001	5.828085e+000	3.556804e+001	2	-1.#IND00e+000
-3.923132e-001	5.828085e+000	3.556804e+001	2	1.000000e+014
-3.923132e-001	5.742766e+000	3.560839e+001	2	-1.#IND00e+000
-1.351006e+000	1.727876e+001	3.579899e+001	2	1.000000e+014
-3.923132e-001	6.386267e+000	3.535645e+001	2	-1.#IND00e+000
-3.527435e-001	-1.#IND00e+000	3.436716e+001	2	-1.233164e-002
-1.402969e+000	1.774241e+001	4.128582e+001	2	-1.#IND00e+000
-8.518281e-001	7.532231e+000	3.572135e+001	2	-1.#IND00e+000
-3.923132e-001	5.355890e+000	3.564756e+001	2	-1.#IND00e+000
-3.923132e-001	6.784789e+000	3.539562e+001	3	1.000000e+014
-3.923132e-001	6.784789e+000	3.539562e+001	3	1.000000e+014
-5.986635e-001	7.532231e+000	3.572135e+001	3	2.747416e-001
-6.454778e-001	6.283185e+000	3.589949e+001	3	6.475142e-001
-8.518281e-001	7.853982e+000	3.589949e+001	3	4.560810e-001
-6.454778e-001	6.283185e+000	3.589949e+001	3	3.072239e-001
-3.923132e-001	5.961435e+000	3.572135e+001	3	2.413524e-001
-3.270858e-002	4.661927e+000	3.448885e+001	3	3.044651e-002
-3.527435e-001	4.390638e+000	3.489292e+001	3	2.066187e-001
-1.334264e+000	1.884956e+001	3.721320e+001	3	1.912751e-001
-3.923132e-001	5.987745e+000	3.560839e+001	3	6.405009e-002
-3.923132e-001	5.987745e+000	3.560839e+001	3	2.439059e-002
-1.334264e+000	1.820605e+001	4.153776e+001	3	-1.221515e-001
-3.527435e-001	4.390638e+000	3.489292e+001	3	2.056944e-002
# cur_generation = 22
-3.190972e-001	4.115391e+000	3.522490e+001	1	-7.383297e-002
-6.473372e-001	7.390334e+000	3.546941e+001	1	2.131078e-001
-6.454778e-001	6.784789e+000	3.539562e+001	1	-6.621916e-002
-3.270858e-002	3.747137e+000	3.471478e+001	1	1.000000e+014
-3.923132e-001	5.317934e+000	3.554320e+001	1	-6.936403e-003
-3.270858e-002	4.661927e+000	3.448885e+001	1	7.001167e-001
-6.454778e-001	5.662936e+000	3.556804e+001	1	3.622056e-003
-3.894567e-001	4.996183e+000	3.536506e+001	1	3.484471e-002
-3.894567e-001	4.996183e+000	3.536506e+001	1	-3.562363e-002
-1.351006e+000	1.335177e+001	3.179899e+001	1	-2.542881e-002
-3.799857e-001	4.570492e+000	3.521748e+001	1	-3.375993e-002
-3.923132e-001	5.544290e+000	3.522490e+001	1	1.000000e+014
-1.343253e+001	5.961435e+000	3.646284e+001	1	1.000000e+014
-3.527435e-001	4.171970e+000	3.477996e+001	1	-1.301338e+000
-3.894567e-001	5.176037e+000	3.529127e+001	1	-1.192378e-002
-8.518281e-001	7.313562e+000	3.560839e+001	1	9.723579e-003
-3.923132e-001	5.202346e+000	3.560839e+001	1	1.472956e-002
-6.454778e-001	5.892578e+000	3.558430e+001	2	-3.499577e+000
-1.587429e+000	2.042035e+001	4.204163e+001	2	3.745905e+000
-9.825737e-001	1.099557e+001	4.027113e+001	2	1.341907e+001
-3.923132e-001	5.355890e+000	3.564756e+001	2	1.452754e-001
-8.518281e-001	7.532231e+000	3.572135e+001	2	-7.008527e+000
-1.402969e+000	1.774241e+001	4.128582e+001	2	5.974976e+000
-3.527435e-001	-1.#IND00e+000	3.436716e+001	2	-1.177958e+001
-3.923132e-001	6.386267e+000	3.535645e+001	2	3.784016e-001
-1.351006e+000	1.727876e+001	3.579899e+001	2	1.078394e+001
-3.923132e-001	5.742766e+000	3.560839e+001	2	1.917061e+001
-3.923132e-001	5.828085e+000	3.556804e+001	2	1.000000e+014
-3.923132e-001	5.828085e+000	3.556804e+001	2	3.041891e-002
-1.536021e+000	2.009860e+001	4.186348e+001	2	1.000000e+014
-1.587429e+000	2.042035e+001	4.204163e+001	2	1.000000e+014
-6.454778e-001	6.141288e+000	3.564756e+001	3	1.000000e+014
-3.527435e-001	4.390638e+000	3.489292e+001	3	1.000000e+014
-8.518281e-001	7.853982e+000	3.589949e+001	3	5.770048e+000
-3.923132e-001	5.987745e+000	3.560839e+001	3	4.249095e-001
-8.518281e-001	7.853982e+000	3.589949e+001	3	8.972560e-001
-3.923132e-001	5.987745e+000	3.560839e+001	3	8.336930e-001
-3.527435e-001	4.661927e+000	3.448885e+001	3	7.709661e-001
-6.454778e-001	5.961435e+000	3.572135e+001	3	6.731447e-001
-3.923132e-001	6.784789e+000	3.539562e+001	3	4.413174e-001
